#
# There is insufficient memory for the Java Runtime Environment to continue.
# Native memory allocation (malloc) failed to allocate 1132976 bytes. Error detail: Chunk::new
# Possible reasons:
#   The system is out of physical RAM or swap space
#   This process is running with CompressedOops enabled, and the Java Heap may be blocking the growth of the native heap
# Possible solutions:
#   Reduce memory load on the system
#   Increase physical memory or swap space
#   Check if swap backing store is full
#   Decrease Java heap size (-Xmx/-Xms)
#   Decrease number of Java threads
#   Decrease Java thread stack sizes (-Xss)
#   Set larger code cache with -XX:ReservedCodeCacheSize=
#   JVM is running with Unscaled Compressed Oops mode in which the Java heap is
#     placed in the first 4GB address space. The Java Heap base address is the
#     maximum limit for the native heap growth. Please use -XX:HeapBaseMinAddress
#     to set the Java Heap base and to place the Java Heap above 4GB virtual address.
# This output file may be truncated or incomplete.
#
#  Out of Memory Error (arena.cpp:168), pid=26724, tid=30436
#
# JRE version: OpenJDK Runtime Environment Temurin-21.0.10+7 (21.0.10+7) (build 21.0.10+7-LTS)
# Java VM: OpenJDK 64-Bit Server VM Temurin-21.0.10+7 (21.0.10+7-LTS, mixed mode, sharing, tiered, compressed oops, compressed class ptrs, parallel gc, windows-amd64)
# No core dump will be written. Minidumps are not enabled by default on client versions of Windows
#

---------------  S U M M A R Y ------------

Command Line: --add-modules=ALL-SYSTEM --add-opens=java.base/java.util=ALL-UNNAMED --add-opens=java.base/java.lang=ALL-UNNAMED --add-opens=java.base/sun.nio.fs=ALL-UNNAMED -Declipse.application=org.eclipse.jdt.ls.core.id1 -Dosgi.bundles.defaultStartLevel=4 -Declipse.product=org.eclipse.jdt.ls.core.product -Djava.import.generatesMetadataFilesAtProjectRoot=false -DDetectVMInstallationsJob.disabled=true -Dfile.encoding=utf8 -XX:+UseParallelGC -XX:GCTimeRatio=4 -XX:AdaptiveSizePolicyWeight=90 -Dsun.zip.disableMemoryMapping=true -Xmx2G -Xms100m -Xlog:disable -javaagent:c:\Users\Admin\.vscode\extensions\redhat.java-1.53.0-win32-x64\lombok\lombok-1.18.39-4050.jar -XX:+HeapDumpOnOutOfMemoryError -XX:HeapDumpPath=c:\Users\Admin\AppData\Roaming\Code\User\workspaceStorage\e1b6cacee73ff7585bb26f5b6c45f997\redhat.java -Daether.dependencyCollector.impl=bf c:\Users\Admin\.vscode\extensions\redhat.java-1.53.0-win32-x64\server\plugins\org.eclipse.equinox.launcher_1.7.100.v20251111-0406.jar -configuration c:\Users\Admin\AppData\Roaming\Code\User\globalStorage\redhat.java\1.53.0\config_win -data c:\Users\Admin\AppData\Roaming\Code\User\workspaceStorage\e1b6cacee73ff7585bb26f5b6c45f997\redhat.java\jdt_ws --pipe=\\.\pipe\lsp-d453838e2f1d625e9002c429262a31ea-sock

Host: Intel(R) Core(TM) i7-14650HX, 24 cores, 15G,  Windows 11 , 64 bit Build 26100 (10.0.26100.7920)
Time: Wed Apr  1 03:01:04 2026 SE Asia Standard Time elapsed time: 7.604471 seconds (0d 0h 0m 7s)

---------------  T H R E A D  ---------------

Current thread (0x000001f27e5b8bb0):  JavaThread "C2 CompilerThread1" daemon [_thread_in_native, id=30436, stack(0x000000b088a00000,0x000000b088b00000) (1024K)]


Current CompileTask:
C2:7604 7290   !   4       com.google.inject.spi.InjectionPoint::getInjectionPoints (489 bytes)

Stack: [0x000000b088a00000,0x000000b088b00000]
Native frames: (J=compiled Java code, j=interpreted, Vv=VM code, C=native code)
V  [jvm.dll+0x6d7a39]
V  [jvm.dll+0x8b4b26]
V  [jvm.dll+0x8b70de]
V  [jvm.dll+0x8b77c3]
V  [jvm.dll+0x284346]
V  [jvm.dll+0xc66ed]
V  [jvm.dll+0xc6c31]
V  [jvm.dll+0x3bec01]
V  [jvm.dll+0x1e3d62]
V  [jvm.dll+0x24c6b3]
V  [jvm.dll+0x24bb40]
V  [jvm.dll+0x1cb34e]
V  [jvm.dll+0x25b85d]
V  [jvm.dll+0x259dea]
V  [jvm.dll+0x3f857e]
V  [jvm.dll+0x85f59d]
V  [jvm.dll+0x6d626d]
C  [ucrtbase.dll+0x37b0]
C  [KERNEL32.DLL+0x2e8d7]
C  [ntdll.dll+0x8c48c]


---------------  P R O C E S S  ---------------

Threads class SMR info:
_java_thread_list=0x000001f205a5c750, length=79, elements={
0x000001f222e9cf30, 0x000001f222f471f0, 0x000001f222f4a4e0, 0x000001f222f4cd20,
0x000001f222f4dc00, 0x000001f222f52160, 0x000001f222f5e140, 0x000001f27bce2400,
0x000001f27bd04b80, 0x000001f27be45860, 0x000001f27be46720, 0x000001f27be9f900,
0x000001f27e5b8bb0, 0x000001f27bfa2fd0, 0x000001f27ede6ae0, 0x000001f27f0e3a10,
0x000001f27f09f4e0, 0x000001f27f09fb50, 0x000001f27fb0c4a0, 0x000001f27f45dd70,
0x000001f27ef0af60, 0x000001f27fa6ea30, 0x000001f27fa70b00, 0x000001f27fa71190,
0x000001f27fa70470, 0x000001f27fa6dd10, 0x000001f27fa6f0c0, 0x000001f27fa6fde0,
0x000001f27f7928f0, 0x000001f27f794330, 0x000001f27f792260, 0x000001f27f7956e0,
0x000001f27f7949c0, 0x000001f27f792f80, 0x000001f27f793ca0, 0x000001f27f793610,
0x000001f27f795050, 0x000001f27f795d70, 0x000001f27f797e40, 0x000001f27f799880,
0x000001f27f796a90, 0x000001f27f7984d0, 0x000001f27f797120, 0x000001f27f7991f0,
0x000001f27f7977b0, 0x000001f27f796400, 0x000001f27f798b60, 0x000001f204f67510,
0x000001f204f65ad0, 0x000001f204f667f0, 0x000001f204f67ba0, 0x000001f204f66e80,
0x000001f204f68230, 0x000001f204f688c0, 0x000001f204f68f50, 0x000001f204f695e0,
0x000001f204f66160, 0x000001f204f6d0f0, 0x000001f204f6bd40, 0x000001f204f69c70,
0x000001f204f6c3d0, 0x000001f204f6ca60, 0x000001f204f6b6b0, 0x000001f204f6a300,
0x000001f204f6a990, 0x000001f204f6b020, 0x000001f205d1ec20, 0x000001f205d20660,
0x000001f205d21380, 0x000001f205d1e590, 0x000001f205d1ffd0, 0x000001f205d1f2b0,
0x000001f205d1f940, 0x000001f205d1df00, 0x000001f205d24170, 0x000001f205d22dc0,
0x000001f205d21a10, 0x000001f205d20cf0, 0x000001f204574810
}

Java Threads: ( => current thread )
  0x000001f222e9cf30 JavaThread "main"                              [_thread_blocked, id=26744, stack(0x000000b087b00000,0x000000b087c00000) (1024K)]
  0x000001f222f471f0 JavaThread "Reference Handler"          daemon [_thread_blocked, id=27024, stack(0x000000b087f00000,0x000000b088000000) (1024K)]
  0x000001f222f4a4e0 JavaThread "Finalizer"                  daemon [_thread_blocked, id=26720, stack(0x000000b088000000,0x000000b088100000) (1024K)]
  0x000001f222f4cd20 JavaThread "Signal Dispatcher"          daemon [_thread_blocked, id=35384, stack(0x000000b088100000,0x000000b088200000) (1024K)]
  0x000001f222f4dc00 JavaThread "Attach Listener"            daemon [_thread_blocked, id=36164, stack(0x000000b088200000,0x000000b088300000) (1024K)]
  0x000001f222f52160 JavaThread "Service Thread"             daemon [_thread_blocked, id=29172, stack(0x000000b088300000,0x000000b088400000) (1024K)]
  0x000001f222f5e140 JavaThread "Monitor Deflation Thread"   daemon [_thread_blocked, id=23432, stack(0x000000b088400000,0x000000b088500000) (1024K)]
  0x000001f27bce2400 JavaThread "C2 CompilerThread0"         daemon [_thread_in_native, id=33936, stack(0x000000b088500000,0x000000b088600000) (1024K)]
  0x000001f27bd04b80 JavaThread "C1 CompilerThread0"         daemon [_thread_blocked, id=20248, stack(0x000000b088600000,0x000000b088700000) (1024K)]
  0x000001f27be45860 JavaThread "C1 CompilerThread1"         daemon [_thread_blocked, id=27536, stack(0x000000b088700000,0x000000b088800000) (1024K)]
  0x000001f27be46720 JavaThread "C1 CompilerThread2"         daemon [_thread_blocked, id=16268, stack(0x000000b088800000,0x000000b088900000) (1024K)]
  0x000001f27be9f900 JavaThread "Common-Cleaner"             daemon [_thread_blocked, id=13504, stack(0x000000b088900000,0x000000b088a00000) (1024K)]
=>0x000001f27e5b8bb0 JavaThread "C2 CompilerThread1"         daemon [_thread_in_native, id=30436, stack(0x000000b088a00000,0x000000b088b00000) (1024K)]
  0x000001f27bfa2fd0 JavaThread "Notification Thread"        daemon [_thread_blocked, id=17036, stack(0x000000b088b00000,0x000000b088c00000) (1024K)]
  0x000001f27ede6ae0 JavaThread "Active Thread: Equinox Container: a52e23c0-d7c9-4409-924a-f71598f6e9e5"        [_thread_blocked, id=34292, stack(0x000000b089400000,0x000000b089500000) (1024K)]
  0x000001f27f0e3a10 JavaThread "Refresh Thread: Equinox Container: a52e23c0-d7c9-4409-924a-f71598f6e9e5" daemon [_thread_blocked, id=36612, stack(0x000000b089600000,0x000000b089700000) (1024K)]
  0x000001f27f09f4e0 JavaThread "Framework Event Dispatcher: Equinox Container: a52e23c0-d7c9-4409-924a-f71598f6e9e5" daemon [_thread_blocked, id=29640, stack(0x000000b089700000,0x000000b089800000) (1024K)]
  0x000001f27f09fb50 JavaThread "Start Level: Equinox Container: a52e23c0-d7c9-4409-924a-f71598f6e9e5" daemon [_thread_blocked, id=3556, stack(0x000000b089800000,0x000000b089900000) (1024K)]
  0x000001f27fb0c4a0 JavaThread "Bundle File Closer"         daemon [_thread_blocked, id=26436, stack(0x000000b089c00000,0x000000b089d00000) (1024K)]
  0x000001f27f45dd70 JavaThread "SCR Component Actor"        daemon [_thread_blocked, id=11412, stack(0x000000b089d00000,0x000000b089e00000) (1024K)]
  0x000001f27ef0af60 JavaThread "Worker-JM"                         [_thread_blocked, id=17584, stack(0x000000b089e00000,0x000000b089f00000) (1024K)]
  0x000001f27fa6ea30 JavaThread "JNA Cleaner"                daemon [_thread_blocked, id=16944, stack(0x000000b08a100000,0x000000b08a200000) (1024K)]
  0x000001f27fa70b00 JavaThread "Worker-0: Initialize workspace"        [_thread_blocked, id=23980, stack(0x000000b08a200000,0x000000b08a300000) (1024K)]
  0x000001f27fa71190 JavaThread "Worker-1: Initialize Workspace"        [_thread_blocked, id=34844, stack(0x000000b08a300000,0x000000b08a400000) (1024K)]
  0x000001f27fa70470 JavaThread "Java indexing"              daemon [_thread_blocked, id=33704, stack(0x000000b08a900000,0x000000b08aa00000) (1024K)]
  0x000001f27fa6dd10 JavaThread "Worker-2"                          [_thread_blocked, id=30216, stack(0x000000b08ac00000,0x000000b08ad00000) (1024K)]
  0x000001f27fa6f0c0 JavaThread "Worker-3"                          [_thread_blocked, id=26696, stack(0x000000b08ad00000,0x000000b08ae00000) (1024K)]
  0x000001f27fa6fde0 JavaThread "Thread-1"                   daemon [_thread_in_native, id=21916, stack(0x000000b08ae00000,0x000000b08af00000) (1024K)]
  0x000001f27f7928f0 JavaThread "Thread-2"                   daemon [_thread_in_native, id=21048, stack(0x000000b08af00000,0x000000b08b000000) (1024K)]
  0x000001f27f794330 JavaThread "Thread-3"                   daemon [_thread_in_native, id=21060, stack(0x000000b08b000000,0x000000b08b100000) (1024K)]
  0x000001f27f792260 JavaThread "Thread-4"                   daemon [_thread_in_native, id=26960, stack(0x000000b08b100000,0x000000b08b200000) (1024K)]
  0x000001f27f7956e0 JavaThread "Thread-5"                   daemon [_thread_in_native, id=37472, stack(0x000000b08b200000,0x000000b08b300000) (1024K)]
  0x000001f27f7949c0 JavaThread "Thread-6"                   daemon [_thread_in_native, id=6492, stack(0x000000b08b300000,0x000000b08b400000) (1024K)]
  0x000001f27f792f80 JavaThread "Thread-7"                   daemon [_thread_in_native, id=15748, stack(0x000000b08b400000,0x000000b08b500000) (1024K)]
  0x000001f27f793ca0 JavaThread "Thread-8"                   daemon [_thread_in_native, id=32684, stack(0x000000b08b500000,0x000000b08b600000) (1024K)]
  0x000001f27f793610 JavaThread "Thread-9"                   daemon [_thread_in_native, id=34620, stack(0x000000b08b600000,0x000000b08b700000) (1024K)]
  0x000001f27f795050 JavaThread "Thread-10"                  daemon [_thread_in_native, id=20408, stack(0x000000b08b700000,0x000000b08b800000) (1024K)]
  0x000001f27f795d70 JavaThread "Thread-11"                  daemon [_thread_in_native, id=27176, stack(0x000000b08b800000,0x000000b08b900000) (1024K)]
  0x000001f27f797e40 JavaThread "Thread-12"                  daemon [_thread_in_native, id=25064, stack(0x000000b08b900000,0x000000b08ba00000) (1024K)]
  0x000001f27f799880 JavaThread "Thread-13"                  daemon [_thread_in_native, id=34708, stack(0x000000b08ba00000,0x000000b08bb00000) (1024K)]
  0x000001f27f796a90 JavaThread "Thread-14"                  daemon [_thread_in_native, id=23760, stack(0x000000b08bb00000,0x000000b08bc00000) (1024K)]
  0x000001f27f7984d0 JavaThread "Thread-15"                  daemon [_thread_in_native, id=20608, stack(0x000000b08bc00000,0x000000b08bd00000) (1024K)]
  0x000001f27f797120 JavaThread "Thread-16"                  daemon [_thread_in_native, id=3204, stack(0x000000b08bd00000,0x000000b08be00000) (1024K)]
  0x000001f27f7991f0 JavaThread "Thread-17"                  daemon [_thread_in_native, id=32952, stack(0x000000b08be00000,0x000000b08bf00000) (1024K)]
  0x000001f27f7977b0 JavaThread "Thread-18"                  daemon [_thread_in_native, id=28660, stack(0x000000b08bf00000,0x000000b08c000000) (1024K)]
  0x000001f27f796400 JavaThread "Thread-19"                  daemon [_thread_in_native, id=21764, stack(0x000000b08c000000,0x000000b08c100000) (1024K)]
  0x000001f27f798b60 JavaThread "Thread-20"                  daemon [_thread_in_native, id=23492, stack(0x000000b08c100000,0x000000b08c200000) (1024K)]
  0x000001f204f67510 JavaThread "Thread-21"                  daemon [_thread_in_native, id=37408, stack(0x000000b08c200000,0x000000b08c300000) (1024K)]
  0x000001f204f65ad0 JavaThread "Thread-22"                  daemon [_thread_in_native, id=33448, stack(0x000000b08c300000,0x000000b08c400000) (1024K)]
  0x000001f204f667f0 JavaThread "Thread-23"                  daemon [_thread_in_native, id=35624, stack(0x000000b08c400000,0x000000b08c500000) (1024K)]
  0x000001f204f67ba0 JavaThread "Thread-24"                  daemon [_thread_in_native, id=19120, stack(0x000000b08c500000,0x000000b08c600000) (1024K)]
  0x000001f204f66e80 JavaThread "Thread-25"                  daemon [_thread_in_native, id=37240, stack(0x000000b08c600000,0x000000b08c700000) (1024K)]
  0x000001f204f68230 JavaThread "pool-2-thread-1"                   [_thread_blocked, id=34124, stack(0x000000b08c700000,0x000000b08c800000) (1024K)]
  0x000001f204f688c0 JavaThread "WorkspaceEventsHandler"            [_thread_blocked, id=33508, stack(0x000000b08c800000,0x000000b08c900000) (1024K)]
  0x000001f204f68f50 JavaThread "pool-1-thread-1"                   [_thread_blocked, id=34640, stack(0x000000b08c900000,0x000000b08ca00000) (1024K)]
  0x000001f204f695e0 JavaThread "ForkJoinPool.commonPool-worker-1" daemon [_thread_blocked, id=34232, stack(0x000000b08ca00000,0x000000b08cb00000) (1024K)]
  0x000001f204f66160 JavaThread "ForkJoinPool.commonPool-worker-2" daemon [_thread_blocked, id=23984, stack(0x000000b08cb00000,0x000000b08cc00000) (1024K)]
  0x000001f204f6d0f0 JavaThread "ForkJoinPool.commonPool-worker-3" daemon [_thread_blocked, id=25504, stack(0x000000b08cc00000,0x000000b08cd00000) (1024K)]
  0x000001f204f6bd40 JavaThread "ForkJoinPool.commonPool-worker-4" daemon [_thread_blocked, id=22344, stack(0x000000b08cd00000,0x000000b08ce00000) (1024K)]
  0x000001f204f69c70 JavaThread "ForkJoinPool.commonPool-worker-5" daemon [_thread_blocked, id=28568, stack(0x000000b08ce00000,0x000000b08cf00000) (1024K)]
  0x000001f204f6c3d0 JavaThread "ForkJoinPool.commonPool-worker-6" daemon [_thread_blocked, id=12264, stack(0x000000b08cf00000,0x000000b08d000000) (1024K)]
  0x000001f204f6ca60 JavaThread "ForkJoinPool.commonPool-worker-7" daemon [_thread_blocked, id=25368, stack(0x000000b08d000000,0x000000b08d100000) (1024K)]
  0x000001f204f6b6b0 JavaThread "ForkJoinPool.commonPool-worker-8" daemon [_thread_blocked, id=27196, stack(0x000000b08d100000,0x000000b08d200000) (1024K)]
  0x000001f204f6a300 JavaThread "ForkJoinPool.commonPool-worker-9" daemon [_thread_blocked, id=18076, stack(0x000000b08d200000,0x000000b08d300000) (1024K)]
  0x000001f204f6a990 JavaThread "ForkJoinPool.commonPool-worker-10" daemon [_thread_blocked, id=28852, stack(0x000000b08d300000,0x000000b08d400000) (1024K)]
  0x000001f204f6b020 JavaThread "ForkJoinPool.commonPool-worker-11" daemon [_thread_blocked, id=18988, stack(0x000000b08d400000,0x000000b08d500000) (1024K)]
  0x000001f205d1ec20 JavaThread "ForkJoinPool.commonPool-worker-12" daemon [_thread_blocked, id=34884, stack(0x000000b08d500000,0x000000b08d600000) (1024K)]
  0x000001f205d20660 JavaThread "ForkJoinPool.commonPool-worker-13" daemon [_thread_blocked, id=13112, stack(0x000000b08d600000,0x000000b08d700000) (1024K)]
  0x000001f205d21380 JavaThread "ForkJoinPool.commonPool-worker-14" daemon [_thread_blocked, id=21668, stack(0x000000b08d700000,0x000000b08d800000) (1024K)]
  0x000001f205d1e590 JavaThread "ForkJoinPool.commonPool-worker-15" daemon [_thread_blocked, id=23840, stack(0x000000b08d800000,0x000000b08d900000) (1024K)]
  0x000001f205d1ffd0 JavaThread "ForkJoinPool.commonPool-worker-16" daemon [_thread_blocked, id=34580, stack(0x000000b08d900000,0x000000b08da00000) (1024K)]
  0x000001f205d1f2b0 JavaThread "ForkJoinPool.commonPool-worker-17" daemon [_thread_blocked, id=15500, stack(0x000000b08da00000,0x000000b08db00000) (1024K)]
  0x000001f205d1f940 JavaThread "ForkJoinPool.commonPool-worker-18" daemon [_thread_blocked, id=15104, stack(0x000000b08db00000,0x000000b08dc00000) (1024K)]
  0x000001f205d1df00 JavaThread "ForkJoinPool.commonPool-worker-20" daemon [_thread_blocked, id=32856, stack(0x000000b08dc00000,0x000000b08dd00000) (1024K)]
  0x000001f205d24170 JavaThread "ForkJoinPool.commonPool-worker-19" daemon [_thread_blocked, id=36284, stack(0x000000b08dd00000,0x000000b08de00000) (1024K)]
  0x000001f205d22dc0 JavaThread "ForkJoinPool.commonPool-worker-21" daemon [_thread_blocked, id=32220, stack(0x000000b08de00000,0x000000b08df00000) (1024K)]
  0x000001f205d21a10 JavaThread "ForkJoinPool.commonPool-worker-22" daemon [_thread_blocked, id=33800, stack(0x000000b08df00000,0x000000b08e000000) (1024K)]
  0x000001f205d20cf0 JavaThread "ForkJoinPool.commonPool-worker-23" daemon [_thread_blocked, id=15816, stack(0x000000b08e000000,0x000000b08e100000) (1024K)]
  0x000001f204574810 JavaThread "C2 CompilerThread2"         daemon [_thread_blocked, id=30240, stack(0x000000b088c00000,0x000000b088d00000) (1024K)]
Total: 79

Other Threads:
  0x000001f27bcd9820 VMThread "VM Thread"                           [id=32180, stack(0x000000b087e00000,0x000000b087f00000) (1024K)]
  0x000001f222d2ca00 WatcherThread "VM Periodic Task Thread"        [id=37064, stack(0x000000b087d00000,0x000000b087e00000) (1024K)]
  0x000001f222ebaff0 WorkerThread "GC Thread#0"                     [id=21808, stack(0x000000b087c00000,0x000000b087d00000) (1024K)]
  0x000001f27e9207a0 WorkerThread "GC Thread#1"                     [id=37532, stack(0x000000b088e00000,0x000000b088f00000) (1024K)]
  0x000001f27ec5e010 WorkerThread "GC Thread#2"                     [id=25660, stack(0x000000b088f00000,0x000000b089000000) (1024K)]
  0x000001f27e99f0e0 WorkerThread "GC Thread#3"                     [id=34504, stack(0x000000b089000000,0x000000b089100000) (1024K)]
  0x000001f27e99f490 WorkerThread "GC Thread#4"                     [id=33596, stack(0x000000b089100000,0x000000b089200000) (1024K)]
  0x000001f27e8f5880 WorkerThread "GC Thread#5"                     [id=28716, stack(0x000000b089200000,0x000000b089300000) (1024K)]
  0x000001f27e8f5c30 WorkerThread "GC Thread#6"                     [id=33516, stack(0x000000b089300000,0x000000b089400000) (1024K)]
  0x000001f27f0a48e0 WorkerThread "GC Thread#7"                     [id=25668, stack(0x000000b089500000,0x000000b089600000) (1024K)]
  0x000001f27f196620 WorkerThread "GC Thread#8"                     [id=6828, stack(0x000000b089900000,0x000000b089a00000) (1024K)]
  0x000001f27f1d2ba0 WorkerThread "GC Thread#9"                     [id=24228, stack(0x000000b089a00000,0x000000b089b00000) (1024K)]
  0x000001f27ef1f950 WorkerThread "GC Thread#10"                    [id=28480, stack(0x000000b089b00000,0x000000b089c00000) (1024K)]
  0x000001f27ef9c690 WorkerThread "GC Thread#11"                    [id=25460, stack(0x000000b089f00000,0x000000b08a000000) (1024K)]
  0x000001f27ef9ca40 WorkerThread "GC Thread#12"                    [id=25312, stack(0x000000b08a000000,0x000000b08a100000) (1024K)]
  0x000001f27ef9d1a0 WorkerThread "GC Thread#13"                    [id=26336, stack(0x000000b08a400000,0x000000b08a500000) (1024K)]
  0x000001f27ef9cdf0 WorkerThread "GC Thread#14"                    [id=26104, stack(0x000000b08a500000,0x000000b08a600000) (1024K)]
  0x000001f27ef9d550 WorkerThread "GC Thread#15"                    [id=24344, stack(0x000000b08a600000,0x000000b08a700000) (1024K)]
  0x000001f27ef9d900 WorkerThread "GC Thread#16"                    [id=29344, stack(0x000000b08a700000,0x000000b08a800000) (1024K)]
  0x000001f27ef9bf30 WorkerThread "GC Thread#17"                    [id=24072, stack(0x000000b08a800000,0x000000b08a900000) (1024K)]
Total: 20

Threads with active compile tasks:
C2 CompilerThread0  7634 7487   !   4       org.eclipse.osgi.internal.loader.classpath.ClasspathManager::defineClass (636 bytes)
C2 CompilerThread1  7634 7290   !   4       com.google.inject.spi.InjectionPoint::getInjectionPoints (489 bytes)
Total: 2

VM state: not at safepoint (normal execution)

VM Mutex/Monitor currently owned by a thread: None

Heap address: 0x0000000080000000, size: 2048 MB, Compressed Oops mode: 32-bit

CDS archive(s) mapped at: [0x000001f23a000000-0x000001f23aba0000-0x000001f23aba0000), size 12189696, SharedBaseAddress: 0x000001f23a000000, ArchiveRelocationMode: 1.
Compressed class space mapped at: 0x000001f23b000000-0x000001f27b000000, reserved size: 1073741824
Narrow klass base: 0x000001f23a000000, Narrow klass shift: 0, Narrow klass range: 0x100000000

GC Precious Log:
 CardTable entry size: 512
 CPUs: 24 total, 24 available
 Memory: 16087M
 Large Page Support: Disabled
 NUMA Support: Disabled
 Compressed Oops: Enabled (32-bit)
 Alignments: Space 512K, Generation 512K, Heap 2M
 Heap Min Capacity: 100M
 Heap Initial Capacity: 100M
 Heap Max Capacity: 2G
 Pre-touch: Disabled
 Parallel Workers: 18

Heap:
 PSYoungGen      total 17408K, used 8614K [0x00000000d5580000, 0x00000000d6a00000, 0x0000000100000000)
  eden space 16384K, 47% used [0x00000000d5580000,0x00000000d5d11ae8,0x00000000d6580000)
  from space 1024K, 84% used [0x00000000d6880000,0x00000000d6958000,0x00000000d6980000)
  to   space 512K, 0% used [0x00000000d6980000,0x00000000d6980000,0x00000000d6a00000)
 ParOldGen       total 68608K, used 34705K [0x0000000080000000, 0x0000000084300000, 0x00000000d5580000)
  object space 68608K, 50% used [0x0000000080000000,0x00000000821e44c8,0x0000000084300000)
 Metaspace       used 47891K, committed 49152K, reserved 1114112K
  class space    used 5189K, committed 5696K, reserved 1048576K

Card table byte_map: [0x000001f222840000,0x000001f222c50000] _byte_map_base: 0x000001f222440000

Marking Bits: (ParMarkBitMap*) 0x00007ffedfd43450
 Begin Bits: [0x000001f235350000, 0x000001f237350000)
 End Bits:   [0x000001f237350000, 0x000001f239350000)

Polling page: 0x000001f220c40000

Metaspace:

Usage:
  Non-class:     41.70 MB used.
      Class:      5.07 MB used.
       Both:     46.77 MB used.

Virtual space:
  Non-class space:       64.00 MB reserved,      42.44 MB ( 66%) committed,  1 nodes.
      Class space:        1.00 GB reserved,       5.56 MB ( <1%) committed,  1 nodes.
             Both:        1.06 GB reserved,      48.00 MB (  4%) committed. 

Chunk freelists:
   Non-Class:  5.52 MB
       Class:  10.45 MB
        Both:  15.97 MB

MaxMetaspaceSize: unlimited
CompressedClassSpaceSize: 1.00 GB
Initial GC threshold: 21.00 MB
Current GC threshold: 58.88 MB
CDS: on
 - commit_granule_bytes: 65536.
 - commit_granule_words: 8192.
 - virtual_space_node_default_size: 8388608.
 - enlarge_chunks_in_place: 1.
 - use_allocation_guard: 0.


Internal statistics:

num_allocs_failed_limit: 10.
num_arena_births: 990.
num_arena_deaths: 14.
num_vsnodes_births: 2.
num_vsnodes_deaths: 0.
num_space_committed: 768.
num_space_uncommitted: 0.
num_chunks_returned_to_freelist: 24.
num_chunks_taken_from_freelist: 3118.
num_chunk_merges: 12.
num_chunk_splits: 1944.
num_chunks_enlarged: 1154.
num_inconsistent_stats: 0.

CodeHeap 'non-profiled nmethods': size=119168Kb used=3725Kb max_used=3725Kb free=115442Kb
 bounds [0x000001f22dc40000, 0x000001f22dff0000, 0x000001f2350a0000]
CodeHeap 'profiled nmethods': size=119104Kb used=15051Kb max_used=15051Kb free=104052Kb
 bounds [0x000001f2260a0000, 0x000001f226f60000, 0x000001f22d4f0000]
CodeHeap 'non-nmethods': size=7488Kb used=2497Kb max_used=3147Kb free=4990Kb
 bounds [0x000001f22d4f0000, 0x000001f22d810000, 0x000001f22dc40000]
CodeCache: size=245760Kb, used=21273Kb, max_used=21923Kb, free=224484Kb
 total_blobs=7603, nmethods=6933, adapters=574, full_count=0
Compilation: enabled, stopped_count=0, restarted_count=0

Compilation events (20 events):
Event: 6.534 Thread 0x000001f27bd04b80 nmethod 7519 0x000001f226f4e690 code [0x000001f226f4e820, 0x000001f226f4e938]
Event: 6.535 Thread 0x000001f27be45860 nmethod 7520 0x000001f226f4ea10 code [0x000001f226f4ec20, 0x000001f226f4f460]
Event: 6.536 Thread 0x000001f27be46720 nmethod 7517 0x000001f226f4f690 code [0x000001f226f4fac0, 0x000001f226f51fa0]
Event: 6.538 Thread 0x000001f27bce2400 nmethod 7451 0x000001f22dfd1790 code [0x000001f22dfd1d20, 0x000001f22dfd7cc0]
Event: 6.540 Thread 0x000001f27bce2400 7487   !   4       org.eclipse.osgi.internal.loader.classpath.ClasspathManager::defineClass (636 bytes)
Event: 6.572 Thread 0x000001f204574810 nmethod 7492 0x000001f22dfdb290 code [0x000001f22dfdb5c0, 0x000001f22dfdccf8]
Event: 6.572 Thread 0x000001f204574810 7460       4       com.google.gson.internal.LinkedTreeMap::find (284 bytes)
Event: 6.582 Thread 0x000001f204574810 nmethod 7460 0x000001f22dfde290 code [0x000001f22dfde480, 0x000001f22dfdedf0]
Event: 6.582 Thread 0x000001f204574810 7480       4       java.util.Hashtable$Enumerator::hasMoreElements (53 bytes)
Event: 6.585 Thread 0x000001f204574810 nmethod 7480 0x000001f22dfdf290 code [0x000001f22dfdf420, 0x000001f22dfdf5b8]
Event: 6.585 Thread 0x000001f204574810 7455       4       com.google.gson.internal.LinkedTreeMap::rebalance (379 bytes)
Event: 6.592 Thread 0x000001f204574810 nmethod 7455 0x000001f22dfdf690 code [0x000001f22dfdf860, 0x000001f22dfdfc70]
Event: 6.592 Thread 0x000001f204574810 7452       4       com.google.gson.stream.JsonReader::hasNext (36 bytes)
Event: 6.593 Thread 0x000001f204574810 nmethod 7452 0x000001f22dfdff90 code [0x000001f22dfe0120, 0x000001f22dfe0220]
Event: 6.593 Thread 0x000001f204574810 7477       4       java.io.StringWriter::write (14 bytes)
Event: 6.601 Thread 0x000001f204574810 nmethod 7477 0x000001f22dfe0310 code [0x000001f22dfe0500, 0x000001f22dfe0f48]
Event: 6.601 Thread 0x000001f204574810 7461       4       com.google.gson.internal.LinkedTreeMap$Node::<init> (49 bytes)
Event: 6.602 Thread 0x000001f204574810 nmethod 7461 0x000001f22dfe1510 code [0x000001f22dfe16a0, 0x000001f22dfe17b8]
Event: 6.602 Thread 0x000001f204574810 7463       4       com.google.gson.internal.LinkedTreeMap::put (56 bytes)
Event: 7.080 Thread 0x000001f27be46720 7523       3       java.util.concurrent.ThreadPoolExecutor::workerCountOf (5 bytes)

GC Heap History (20 events):
Event: 3.057 GC heap before
{Heap before GC invocations=18 (full 2):
 PSYoungGen      total 23040K, used 23040K [0x00000000d5580000, 0x00000000d7200000, 0x0000000100000000)
  eden space 22016K, 100% used [0x00000000d5580000,0x00000000d6b00000,0x00000000d6b00000)
  from space 1024K, 100% used [0x00000000d6c00000,0x00000000d6d00000,0x00000000d6d00000)
  to   space 3584K, 0% used [0x00000000d6e80000,0x00000000d6e80000,0x00000000d7200000)
 ParOldGen       total 68608K, used 22324K [0x0000000080000000, 0x0000000084300000, 0x00000000d5580000)
  object space 68608K, 32% used [0x0000000080000000,0x00000000815cd3c8,0x0000000084300000)
 Metaspace       used 37052K, committed 38336K, reserved 1114112K
  class space    used 3791K, committed 4352K, reserved 1048576K
}
Event: 3.060 GC heap after
{Heap after GC invocations=18 (full 2):
 PSYoungGen      total 19968K, used 3570K [0x00000000d5580000, 0x00000000d7d00000, 0x0000000100000000)
  eden space 16384K, 0% used [0x00000000d5580000,0x00000000d5580000,0x00000000d6580000)
  from space 3584K, 99% used [0x00000000d6e80000,0x00000000d71fc8b8,0x00000000d7200000)
  to   space 9216K, 0% used [0x00000000d6580000,0x00000000d6580000,0x00000000d6e80000)
 ParOldGen       total 68608K, used 26788K [0x0000000080000000, 0x0000000084300000, 0x00000000d5580000)
  object space 68608K, 39% used [0x0000000080000000,0x0000000081a29320,0x0000000084300000)
 Metaspace       used 37052K, committed 38336K, reserved 1114112K
  class space    used 3791K, committed 4352K, reserved 1048576K
}
Event: 3.405 GC heap before
{Heap before GC invocations=19 (full 2):
 PSYoungGen      total 19968K, used 19954K [0x00000000d5580000, 0x00000000d7d00000, 0x0000000100000000)
  eden space 16384K, 100% used [0x00000000d5580000,0x00000000d6580000,0x00000000d6580000)
  from space 3584K, 99% used [0x00000000d6e80000,0x00000000d71fc8b8,0x00000000d7200000)
  to   space 9216K, 0% used [0x00000000d6580000,0x00000000d6580000,0x00000000d6e80000)
 ParOldGen       total 68608K, used 26788K [0x0000000080000000, 0x0000000084300000, 0x00000000d5580000)
  object space 68608K, 39% used [0x0000000080000000,0x0000000081a29320,0x0000000084300000)
 Metaspace       used 38932K, committed 40192K, reserved 1114112K
  class space    used 4071K, committed 4608K, reserved 1048576K
}
Event: 3.408 GC heap after
{Heap after GC invocations=19 (full 2):
 PSYoungGen      total 17408K, used 854K [0x00000000d5580000, 0x00000000d6f00000, 0x0000000100000000)
  eden space 16384K, 0% used [0x00000000d5580000,0x00000000d5580000,0x00000000d6580000)
  from space 1024K, 83% used [0x00000000d6580000,0x00000000d6655b38,0x00000000d6680000)
  to   space 3584K, 0% used [0x00000000d6b80000,0x00000000d6b80000,0x00000000d6f00000)
 ParOldGen       total 68608K, used 30394K [0x0000000080000000, 0x0000000084300000, 0x00000000d5580000)
  object space 68608K, 44% used [0x0000000080000000,0x0000000081daeaa8,0x0000000084300000)
 Metaspace       used 38932K, committed 40192K, reserved 1114112K
  class space    used 4071K, committed 4608K, reserved 1048576K
}
Event: 3.662 GC heap before
{Heap before GC invocations=20 (full 2):
 PSYoungGen      total 17408K, used 17238K [0x00000000d5580000, 0x00000000d6f00000, 0x0000000100000000)
  eden space 16384K, 100% used [0x00000000d5580000,0x00000000d6580000,0x00000000d6580000)
  from space 1024K, 83% used [0x00000000d6580000,0x00000000d6655b38,0x00000000d6680000)
  to   space 3584K, 0% used [0x00000000d6b80000,0x00000000d6b80000,0x00000000d6f00000)
 ParOldGen       total 68608K, used 30394K [0x0000000080000000, 0x0000000084300000, 0x00000000d5580000)
  object space 68608K, 44% used [0x0000000080000000,0x0000000081daeaa8,0x0000000084300000)
 Metaspace       used 39829K, committed 41088K, reserved 1114112K
  class space    used 4190K, committed 4736K, reserved 1048576K
}
Event: 3.664 GC heap after
{Heap after GC invocations=20 (full 2):
 PSYoungGen      total 17408K, used 736K [0x00000000d5580000, 0x00000000d6c80000, 0x0000000100000000)
  eden space 16384K, 0% used [0x00000000d5580000,0x00000000d5580000,0x00000000d6580000)
  from space 1024K, 71% used [0x00000000d6b80000,0x00000000d6c38000,0x00000000d6c80000)
  to   space 1536K, 0% used [0x00000000d6980000,0x00000000d6980000,0x00000000d6b00000)
 ParOldGen       total 68608K, used 30818K [0x0000000080000000, 0x0000000084300000, 0x00000000d5580000)
  object space 68608K, 44% used [0x0000000080000000,0x0000000081e18aa8,0x0000000084300000)
 Metaspace       used 39829K, committed 41088K, reserved 1114112K
  class space    used 4190K, committed 4736K, reserved 1048576K
}
Event: 3.866 GC heap before
{Heap before GC invocations=21 (full 2):
 PSYoungGen      total 17408K, used 17120K [0x00000000d5580000, 0x00000000d6c80000, 0x0000000100000000)
  eden space 16384K, 100% used [0x00000000d5580000,0x00000000d6580000,0x00000000d6580000)
  from space 1024K, 71% used [0x00000000d6b80000,0x00000000d6c38000,0x00000000d6c80000)
  to   space 1536K, 0% used [0x00000000d6980000,0x00000000d6980000,0x00000000d6b00000)
 ParOldGen       total 68608K, used 30818K [0x0000000080000000, 0x0000000084300000, 0x00000000d5580000)
  object space 68608K, 44% used [0x0000000080000000,0x0000000081e18aa8,0x0000000084300000)
 Metaspace       used 41377K, committed 42624K, reserved 1114112K
  class space    used 4386K, committed 4928K, reserved 1048576K
}
Event: 3.867 GC heap after
{Heap after GC invocations=21 (full 2):
 PSYoungGen      total 17920K, used 768K [0x00000000d5580000, 0x00000000d6c00000, 0x0000000100000000)
  eden space 16384K, 0% used [0x00000000d5580000,0x00000000d5580000,0x00000000d6580000)
  from space 1536K, 50% used [0x00000000d6980000,0x00000000d6a40000,0x00000000d6b00000)
  to   space 1024K, 0% used [0x00000000d6b00000,0x00000000d6b00000,0x00000000d6c00000)
 ParOldGen       total 68608K, used 31194K [0x0000000080000000, 0x0000000084300000, 0x00000000d5580000)
  object space 68608K, 45% used [0x0000000080000000,0x0000000081e76aa8,0x0000000084300000)
 Metaspace       used 41377K, committed 42624K, reserved 1114112K
  class space    used 4386K, committed 4928K, reserved 1048576K
}
Event: 4.088 GC heap before
{Heap before GC invocations=22 (full 2):
 PSYoungGen      total 17920K, used 17152K [0x00000000d5580000, 0x00000000d6c00000, 0x0000000100000000)
  eden space 16384K, 100% used [0x00000000d5580000,0x00000000d6580000,0x00000000d6580000)
  from space 1536K, 50% used [0x00000000d6980000,0x00000000d6a40000,0x00000000d6b00000)
  to   space 1024K, 0% used [0x00000000d6b00000,0x00000000d6b00000,0x00000000d6c00000)
 ParOldGen       total 68608K, used 31194K [0x0000000080000000, 0x0000000084300000, 0x00000000d5580000)
  object space 68608K, 45% used [0x0000000080000000,0x0000000081e76aa8,0x0000000084300000)
 Metaspace       used 43061K, committed 44416K, reserved 1114112K
  class space    used 4608K, committed 5184K, reserved 1048576K
}
Event: 4.089 GC heap after
{Heap after GC invocations=22 (full 2):
 PSYoungGen      total 17408K, used 1024K [0x00000000d5580000, 0x00000000d6c00000, 0x0000000100000000)
  eden space 16384K, 0% used [0x00000000d5580000,0x00000000d5580000,0x00000000d6580000)
  from space 1024K, 100% used [0x00000000d6b00000,0x00000000d6c00000,0x00000000d6c00000)
  to   space 2048K, 0% used [0x00000000d6800000,0x00000000d6800000,0x00000000d6a00000)
 ParOldGen       total 68608K, used 31658K [0x0000000080000000, 0x0000000084300000, 0x00000000d5580000)
  object space 68608K, 46% used [0x0000000080000000,0x0000000081eeaaa8,0x0000000084300000)
 Metaspace       used 43061K, committed 44416K, reserved 1114112K
  class space    used 4608K, committed 5184K, reserved 1048576K
}
Event: 4.350 GC heap before
{Heap before GC invocations=23 (full 2):
 PSYoungGen      total 17408K, used 17408K [0x00000000d5580000, 0x00000000d6c00000, 0x0000000100000000)
  eden space 16384K, 100% used [0x00000000d5580000,0x00000000d6580000,0x00000000d6580000)
  from space 1024K, 100% used [0x00000000d6b00000,0x00000000d6c00000,0x00000000d6c00000)
  to   space 2048K, 0% used [0x00000000d6800000,0x00000000d6800000,0x00000000d6a00000)
 ParOldGen       total 68608K, used 31658K [0x0000000080000000, 0x0000000084300000, 0x00000000d5580000)
  object space 68608K, 46% used [0x0000000080000000,0x0000000081eeaaa8,0x0000000084300000)
 Metaspace       used 45041K, committed 46336K, reserved 1114112K
  class space    used 4882K, committed 5440K, reserved 1048576K
}
Event: 4.351 GC heap after
{Heap after GC invocations=23 (full 2):
 PSYoungGen      total 18432K, used 1280K [0x00000000d5580000, 0x00000000d6b80000, 0x0000000100000000)
  eden space 16384K, 0% used [0x00000000d5580000,0x00000000d5580000,0x00000000d6580000)
  from space 2048K, 62% used [0x00000000d6800000,0x00000000d6940000,0x00000000d6a00000)
  to   space 1536K, 0% used [0x00000000d6a00000,0x00000000d6a00000,0x00000000d6b80000)
 ParOldGen       total 68608K, used 32377K [0x0000000080000000, 0x0000000084300000, 0x00000000d5580000)
  object space 68608K, 47% used [0x0000000080000000,0x0000000081f9e7a8,0x0000000084300000)
 Metaspace       used 45041K, committed 46336K, reserved 1114112K
  class space    used 4882K, committed 5440K, reserved 1048576K
}
Event: 4.604 GC heap before
{Heap before GC invocations=24 (full 2):
 PSYoungGen      total 18432K, used 17664K [0x00000000d5580000, 0x00000000d6b80000, 0x0000000100000000)
  eden space 16384K, 100% used [0x00000000d5580000,0x00000000d6580000,0x00000000d6580000)
  from space 2048K, 62% used [0x00000000d6800000,0x00000000d6940000,0x00000000d6a00000)
  to   space 1536K, 0% used [0x00000000d6a00000,0x00000000d6a00000,0x00000000d6b80000)
 ParOldGen       total 68608K, used 32377K [0x0000000080000000, 0x0000000084300000, 0x00000000d5580000)
  object space 68608K, 47% used [0x0000000080000000,0x0000000081f9e7a8,0x0000000084300000)
 Metaspace       used 46651K, committed 48000K, reserved 1114112K
  class space    used 5064K, committed 5632K, reserved 1048576K
}
Event: 4.605 GC heap after
{Heap after GC invocations=24 (full 2):
 PSYoungGen      total 17920K, used 1275K [0x00000000d5580000, 0x00000000d6b80000, 0x0000000100000000)
  eden space 16384K, 0% used [0x00000000d5580000,0x00000000d5580000,0x00000000d6580000)
  from space 1536K, 83% used [0x00000000d6a00000,0x00000000d6b3ee98,0x00000000d6b80000)
  to   space 1536K, 0% used [0x00000000d6880000,0x00000000d6880000,0x00000000d6a00000)
 ParOldGen       total 68608K, used 33417K [0x0000000080000000, 0x0000000084300000, 0x00000000d5580000)
  object space 68608K, 48% used [0x0000000080000000,0x00000000820a27a8,0x0000000084300000)
 Metaspace       used 46651K, committed 48000K, reserved 1114112K
  class space    used 5064K, committed 5632K, reserved 1048576K
}
Event: 4.901 GC heap before
{Heap before GC invocations=25 (full 2):
 PSYoungGen      total 17920K, used 17659K [0x00000000d5580000, 0x00000000d6b80000, 0x0000000100000000)
  eden space 16384K, 100% used [0x00000000d5580000,0x00000000d6580000,0x00000000d6580000)
  from space 1536K, 83% used [0x00000000d6a00000,0x00000000d6b3ee98,0x00000000d6b80000)
  to   space 1536K, 0% used [0x00000000d6880000,0x00000000d6880000,0x00000000d6a00000)
 ParOldGen       total 68608K, used 33417K [0x0000000080000000, 0x0000000084300000, 0x00000000d5580000)
  object space 68608K, 48% used [0x0000000080000000,0x00000000820a27a8,0x0000000084300000)
 Metaspace       used 47104K, committed 48384K, reserved 1114112K
  class space    used 5101K, committed 5632K, reserved 1048576K
}
Event: 4.902 GC heap after
{Heap after GC invocations=25 (full 2):
 PSYoungGen      total 16896K, used 480K [0x00000000d5580000, 0x00000000d6a80000, 0x0000000100000000)
  eden space 16384K, 0% used [0x00000000d5580000,0x00000000d5580000,0x00000000d6580000)
  from space 512K, 93% used [0x00000000d6880000,0x00000000d68f8000,0x00000000d6900000)
  to   space 1024K, 0% used [0x00000000d6980000,0x00000000d6980000,0x00000000d6a80000)
 ParOldGen       total 68608K, used 34395K [0x0000000080000000, 0x0000000084300000, 0x00000000d5580000)
  object space 68608K, 50% used [0x0000000080000000,0x0000000082196d00,0x0000000084300000)
 Metaspace       used 47104K, committed 48384K, reserved 1114112K
  class space    used 5101K, committed 5632K, reserved 1048576K
}
Event: 5.095 GC heap before
{Heap before GC invocations=26 (full 2):
 PSYoungGen      total 16896K, used 16864K [0x00000000d5580000, 0x00000000d6a80000, 0x0000000100000000)
  eden space 16384K, 100% used [0x00000000d5580000,0x00000000d6580000,0x00000000d6580000)
  from space 512K, 93% used [0x00000000d6880000,0x00000000d68f8000,0x00000000d6900000)
  to   space 1024K, 0% used [0x00000000d6980000,0x00000000d6980000,0x00000000d6a80000)
 ParOldGen       total 68608K, used 34395K [0x0000000080000000, 0x0000000084300000, 0x00000000d5580000)
  object space 68608K, 50% used [0x0000000080000000,0x0000000082196d00,0x0000000084300000)
 Metaspace       used 47189K, committed 48448K, reserved 1114112K
  class space    used 5109K, committed 5632K, reserved 1048576K
}
Event: 5.097 GC heap after
{Heap after GC invocations=26 (full 2):
 PSYoungGen      total 17408K, used 637K [0x00000000d5580000, 0x00000000d6a80000, 0x0000000100000000)
  eden space 16384K, 0% used [0x00000000d5580000,0x00000000d5580000,0x00000000d6580000)
  from space 1024K, 62% used [0x00000000d6980000,0x00000000d6a1f600,0x00000000d6a80000)
  to   space 1024K, 0% used [0x00000000d6880000,0x00000000d6880000,0x00000000d6980000)
 ParOldGen       total 68608K, used 34569K [0x0000000080000000, 0x0000000084300000, 0x00000000d5580000)
  object space 68608K, 50% used [0x0000000080000000,0x00000000821c24c8,0x0000000084300000)
 Metaspace       used 47189K, committed 48448K, reserved 1114112K
  class space    used 5109K, committed 5632K, reserved 1048576K
}
Event: 5.276 GC heap before
{Heap before GC invocations=27 (full 2):
 PSYoungGen      total 17408K, used 17021K [0x00000000d5580000, 0x00000000d6a80000, 0x0000000100000000)
  eden space 16384K, 100% used [0x00000000d5580000,0x00000000d6580000,0x00000000d6580000)
  from space 1024K, 62% used [0x00000000d6980000,0x00000000d6a1f600,0x00000000d6a80000)
  to   space 1024K, 0% used [0x00000000d6880000,0x00000000d6880000,0x00000000d6980000)
 ParOldGen       total 68608K, used 34569K [0x0000000080000000, 0x0000000084300000, 0x00000000d5580000)
  object space 68608K, 50% used [0x0000000080000000,0x00000000821c24c8,0x0000000084300000)
 Metaspace       used 47491K, committed 48768K, reserved 1114112K
  class space    used 5137K, committed 5696K, reserved 1048576K
}
Event: 5.277 GC heap after
{Heap after GC invocations=27 (full 2):
 PSYoungGen      total 17408K, used 864K [0x00000000d5580000, 0x00000000d6a00000, 0x0000000100000000)
  eden space 16384K, 0% used [0x00000000d5580000,0x00000000d5580000,0x00000000d6580000)
  from space 1024K, 84% used [0x00000000d6880000,0x00000000d6958000,0x00000000d6980000)
  to   space 512K, 0% used [0x00000000d6980000,0x00000000d6980000,0x00000000d6a00000)
 ParOldGen       total 68608K, used 34705K [0x0000000080000000, 0x0000000084300000, 0x00000000d5580000)
  object space 68608K, 50% used [0x0000000080000000,0x00000000821e44c8,0x0000000084300000)
 Metaspace       used 47491K, committed 48768K, reserved 1114112K
  class space    used 5137K, committed 5696K, reserved 1048576K
}

Dll operation events (10 events):
Event: 0.007 Loaded shared library c:\Users\Admin\.vscode\extensions\redhat.java-1.53.0-win32-x64\jre\21.0.10-win32-x86_64\bin\java.dll
Event: 0.053 Loaded shared library c:\Users\Admin\.vscode\extensions\redhat.java-1.53.0-win32-x64\jre\21.0.10-win32-x86_64\bin\zip.dll
Event: 0.071 Loaded shared library C:\Users\Admin\.vscode\extensions\redhat.java-1.53.0-win32-x64\jre\21.0.10-win32-x86_64\bin\instrument.dll
Event: 0.075 Loaded shared library C:\Users\Admin\.vscode\extensions\redhat.java-1.53.0-win32-x64\jre\21.0.10-win32-x86_64\bin\net.dll
Event: 0.078 Loaded shared library C:\Users\Admin\.vscode\extensions\redhat.java-1.53.0-win32-x64\jre\21.0.10-win32-x86_64\bin\nio.dll
Event: 0.081 Loaded shared library C:\Users\Admin\.vscode\extensions\redhat.java-1.53.0-win32-x64\jre\21.0.10-win32-x86_64\bin\zip.dll
Event: 0.096 Loaded shared library C:\Users\Admin\.vscode\extensions\redhat.java-1.53.0-win32-x64\jre\21.0.10-win32-x86_64\bin\jimage.dll
Event: 0.135 Loaded shared library c:\Users\Admin\.vscode\extensions\redhat.java-1.53.0-win32-x64\jre\21.0.10-win32-x86_64\bin\verify.dll
Event: 0.815 Loaded shared library C:\Users\Admin\AppData\Roaming\Code\User\globalStorage\redhat.java\1.53.0\config_win\org.eclipse.equinox.launcher\org.eclipse.equinox.launcher.win32.win32.x86_64_1.3.0.v20260203-2149\eclipse_11919.dll
Event: 1.677 Loaded shared library C:\Users\Admin\AppData\Local\Temp\jna-63116079\jna11675480405658667208.dll

Deoptimization events (20 events):
Event: 5.210 Thread 0x000001f27fa71190 DEOPT PACKING pc=0x000001f22dfaaefc sp=0x000000b08a3fe820
Event: 5.210 Thread 0x000001f27fa71190 DEOPT UNPACKING pc=0x000001f22d543aa2 sp=0x000000b08a3fe7b8 mode 2
Event: 5.219 Thread 0x000001f27fa71190 Uncommon trap: trap_request=0xffffff45 fr.pc=0x000001f22df86284 relative=0x0000000000000244
Event: 5.219 Thread 0x000001f27fa71190 Uncommon trap: reason=unstable_if action=reinterpret pc=0x000001f22df86284 method=java.util.regex.Pattern.sequence(Ljava/util/regex/Pattern$Node;)Ljava/util/regex/Pattern$Node; @ 12 c2
Event: 5.219 Thread 0x000001f27fa71190 DEOPT PACKING pc=0x000001f22df86284 sp=0x000000b08a3feab0
Event: 5.219 Thread 0x000001f27fa71190 DEOPT UNPACKING pc=0x000001f22d543aa2 sp=0x000000b08a3fea30 mode 2
Event: 5.221 Thread 0x000001f27fa71190 Uncommon trap: trap_request=0xffffff3d fr.pc=0x000001f22df8a878 relative=0x00000000000014f8
Event: 5.221 Thread 0x000001f27fa71190 Uncommon trap: reason=unstable_fused_if action=reinterpret pc=0x000001f22df8a878 method=sun.nio.fs.WindowsPathParser.isLetter(C)Z @ 15 c2
Event: 5.222 Thread 0x000001f27fa71190 DEOPT PACKING pc=0x000001f22df8a878 sp=0x000000b08a3feda0
Event: 5.222 Thread 0x000001f27fa71190 DEOPT UNPACKING pc=0x000001f22d543aa2 sp=0x000000b08a3fecf8 mode 2
Event: 5.315 Thread 0x000001f27fa71190 Uncommon trap: trap_request=0xffffffde fr.pc=0x000001f22df90e94 relative=0x0000000000000574
Event: 5.315 Thread 0x000001f27fa71190 Uncommon trap: reason=class_check action=maybe_recompile pc=0x000001f22df90e94 method=java.util.regex.Pattern$SliceU.match(Ljava/util/regex/Matcher;ILjava/lang/CharSequence;)Z @ 95 c2
Event: 5.315 Thread 0x000001f27fa71190 DEOPT PACKING pc=0x000001f22df90e94 sp=0x000000b08a3fee00
Event: 5.315 Thread 0x000001f27fa71190 DEOPT UNPACKING pc=0x000001f22d543aa2 sp=0x000000b08a3fed18 mode 2
Event: 5.359 Thread 0x000001f27fa71190 Uncommon trap: trap_request=0xffffff45 fr.pc=0x000001f22df77cf4 relative=0x0000000000001014
Event: 5.359 Thread 0x000001f27fa71190 Uncommon trap: reason=unstable_if action=reinterpret pc=0x000001f22df77cf4 method=sun.nio.fs.WindowsPathParser.normalize(Ljava/lang/StringBuilder;Ljava/lang/String;I)Ljava/lang/String; @ 100 c2
Event: 5.359 Thread 0x000001f27fa71190 DEOPT PACKING pc=0x000001f22df77cf4 sp=0x000000b08a3fed40
Event: 5.359 Thread 0x000001f27fa71190 DEOPT UNPACKING pc=0x000001f22d543aa2 sp=0x000000b08a3fed40 mode 2
Event: 5.416 Thread 0x000001f27fa70b00 DEOPT PACKING pc=0x000001f226c8e53c sp=0x000000b08a2f42e0
Event: 5.416 Thread 0x000001f27fa70b00 DEOPT UNPACKING pc=0x000001f22d544242 sp=0x000000b08a2f3800 mode 0

Classes loaded (20 events):
Event: 4.641 Loading class java/nio/file/Files$3
Event: 4.641 Loading class java/nio/file/Files$3 done
Event: 4.641 Loading class sun/nio/fs/Globs
Event: 4.642 Loading class sun/nio/fs/Globs done
Event: 4.642 Loading class java/util/regex/Pattern$SliceU
Event: 4.642 Loading class java/util/regex/Pattern$SliceU done
Event: 4.642 Loading class sun/nio/fs/WindowsFileSystem$2
Event: 4.642 Loading class java/nio/file/PathMatcher
Event: 4.642 Loading class java/nio/file/PathMatcher done
Event: 4.642 Loading class sun/nio/fs/WindowsFileSystem$2 done
Event: 4.643 Loading class java/nio/file/FileVisitResult
Event: 4.643 Loading class java/nio/file/FileVisitResult done
Event: 5.218 Loading class java/util/regex/PatternSyntaxException
Event: 5.219 Loading class java/util/regex/PatternSyntaxException done
Event: 5.372 Loading class java/util/Collections$SynchronizedRandomAccessList
Event: 5.372 Loading class java/util/Collections$SynchronizedList
Event: 5.372 Loading class java/util/Collections$SynchronizedList done
Event: 5.372 Loading class java/util/Collections$SynchronizedRandomAccessList done
Event: 5.375 Loading class java/util/concurrent/CompletableFuture$Signaller
Event: 5.376 Loading class java/util/concurrent/CompletableFuture$Signaller done

Classes unloaded (7 events):
Event: 1.984 Thread 0x000001f27bcd9820 Unloading class 0x000001f23b1a4000 'java/lang/invoke/LambdaForm$MH+0x000001f23b1a4000'
Event: 1.984 Thread 0x000001f27bcd9820 Unloading class 0x000001f23b1a3c00 'java/lang/invoke/LambdaForm$MH+0x000001f23b1a3c00'
Event: 1.984 Thread 0x000001f27bcd9820 Unloading class 0x000001f23b1a3800 'java/lang/invoke/LambdaForm$MH+0x000001f23b1a3800'
Event: 1.984 Thread 0x000001f27bcd9820 Unloading class 0x000001f23b1a3400 'java/lang/invoke/LambdaForm$MH+0x000001f23b1a3400'
Event: 1.984 Thread 0x000001f27bcd9820 Unloading class 0x000001f23b1a3000 'java/lang/invoke/LambdaForm$BMH+0x000001f23b1a3000'
Event: 1.984 Thread 0x000001f27bcd9820 Unloading class 0x000001f23b1a2c00 'java/lang/invoke/LambdaForm$DMH+0x000001f23b1a2c00'
Event: 1.984 Thread 0x000001f27bcd9820 Unloading class 0x000001f23b1a1800 'java/lang/invoke/LambdaForm$DMH+0x000001f23b1a1800'

Classes redefined (0 events):
No events

Internal exceptions (20 events):
Event: 5.353 Thread 0x000001f27fa71190 Exception <a 'sun/nio/fs/WindowsException'{0x00000000d59000d8}> (0x00000000d59000d8) 
thrown [s\src\hotspot\share\prims\jni.cpp, line 520]
Event: 5.353 Thread 0x000001f27fa71190 Exception <a 'sun/nio/fs/WindowsException'{0x00000000d59039c8}> (0x00000000d59039c8) 
thrown [s\src\hotspot\share\prims\jni.cpp, line 520]
Event: 5.353 Thread 0x000001f27fa71190 Exception <a 'sun/nio/fs/WindowsException'{0x00000000d5907ce0}> (0x00000000d5907ce0) 
thrown [s\src\hotspot\share\prims\jni.cpp, line 520]
Event: 5.354 Thread 0x000001f27fa71190 Exception <a 'sun/nio/fs/WindowsException'{0x00000000d590b8e8}> (0x00000000d590b8e8) 
thrown [s\src\hotspot\share\prims\jni.cpp, line 520]
Event: 5.354 Thread 0x000001f27fa71190 Exception <a 'sun/nio/fs/WindowsException'{0x00000000d590f560}> (0x00000000d590f560) 
thrown [s\src\hotspot\share\prims\jni.cpp, line 520]
Event: 5.355 Thread 0x000001f27fa71190 Exception <a 'sun/nio/fs/WindowsException'{0x00000000d5913228}> (0x00000000d5913228) 
thrown [s\src\hotspot\share\prims\jni.cpp, line 520]
Event: 5.355 Thread 0x000001f27fa71190 Exception <a 'sun/nio/fs/WindowsException'{0x00000000d5916e50}> (0x00000000d5916e50) 
thrown [s\src\hotspot\share\prims\jni.cpp, line 520]
Event: 5.355 Thread 0x000001f27fa71190 Exception <a 'sun/nio/fs/WindowsException'{0x00000000d591acc8}> (0x00000000d591acc8) 
thrown [s\src\hotspot\share\prims\jni.cpp, line 520]
Event: 5.355 Thread 0x000001f27fa71190 Exception <a 'sun/nio/fs/WindowsException'{0x00000000d591e908}> (0x00000000d591e908) 
thrown [s\src\hotspot\share\prims\jni.cpp, line 520]
Event: 5.356 Thread 0x000001f27fa71190 Exception <a 'sun/nio/fs/WindowsException'{0x00000000d59225d0}> (0x00000000d59225d0) 
thrown [s\src\hotspot\share\prims\jni.cpp, line 520]
Event: 5.356 Thread 0x000001f27fa71190 Exception <a 'sun/nio/fs/WindowsException'{0x00000000d59263a0}> (0x00000000d59263a0) 
thrown [s\src\hotspot\share\prims\jni.cpp, line 520]
Event: 5.357 Thread 0x000001f27fa71190 Exception <a 'sun/nio/fs/WindowsException'{0x00000000d592a048}> (0x00000000d592a048) 
thrown [s\src\hotspot\share\prims\jni.cpp, line 520]
Event: 5.388 Thread 0x000001f204f68f50 Exception <a 'sun/nio/fs/WindowsException'{0x00000000d5a69098}> (0x00000000d5a69098) 
thrown [s\src\hotspot\share\prims\jni.cpp, line 520]
Event: 5.388 Thread 0x000001f204f68f50 Exception <a 'sun/nio/fs/WindowsException'{0x00000000d5a696e8}> (0x00000000d5a696e8) 
thrown [s\src\hotspot\share\prims\jni.cpp, line 520]
Event: 5.390 Thread 0x000001f204f68f50 Exception <a 'sun/nio/fs/WindowsException'{0x00000000d5a6c858}> (0x00000000d5a6c858) 
thrown [s\src\hotspot\share\prims\jni.cpp, line 520]
Event: 5.390 Thread 0x000001f204f68f50 Exception <a 'sun/nio/fs/WindowsException'{0x00000000d5a6cea8}> (0x00000000d5a6cea8) 
thrown [s\src\hotspot\share\prims\jni.cpp, line 520]
Event: 5.390 Thread 0x000001f204f68f50 Exception <a 'sun/nio/fs/WindowsException'{0x00000000d5a6e070}> (0x00000000d5a6e070) 
thrown [s\src\hotspot\share\prims\jni.cpp, line 520]
Event: 5.390 Thread 0x000001f204f68f50 Exception <a 'sun/nio/fs/WindowsException'{0x00000000d5a6e6d0}> (0x00000000d5a6e6d0) 
thrown [s\src\hotspot\share\prims\jni.cpp, line 520]
Event: 5.390 Thread 0x000001f204f68f50 Exception <a 'sun/nio/fs/WindowsException'{0x00000000d5a6f370}> (0x00000000d5a6f370) 
thrown [s\src\hotspot\share\prims\jni.cpp, line 520]
Event: 5.390 Thread 0x000001f204f68f50 Exception <a 'sun/nio/fs/WindowsException'{0x00000000d5a6f9d0}> (0x00000000d5a6f9d0) 
thrown [s\src\hotspot\share\prims\jni.cpp, line 520]

ZGC Phase Switch (0 events):
No events

VM Operations (20 events):
Event: 4.177 Executing non-safepoint VM operation: HandshakeAllThreads (Deoptimize) done
Event: 4.349 Executing safepoint VM operation: ParallelGCFailedAllocation (Allocation Failure)
Event: 4.351 Executing safepoint VM operation: ParallelGCFailedAllocation (Allocation Failure) done
Event: 4.603 Executing safepoint VM operation: ParallelGCFailedAllocation (Allocation Failure)
Event: 4.605 Executing safepoint VM operation: ParallelGCFailedAllocation (Allocation Failure) done
Event: 4.901 Executing safepoint VM operation: ParallelGCFailedAllocation (Allocation Failure)
Event: 4.902 Executing safepoint VM operation: ParallelGCFailedAllocation (Allocation Failure) done
Event: 5.095 Executing safepoint VM operation: ParallelGCFailedAllocation (Allocation Failure)
Event: 5.097 Executing safepoint VM operation: ParallelGCFailedAllocation (Allocation Failure) done
Event: 5.215 Executing non-safepoint VM operation: HandshakeAllThreads (Deoptimize)
Event: 5.216 Executing non-safepoint VM operation: HandshakeAllThreads (Deoptimize) done
Event: 5.275 Executing safepoint VM operation: ParallelGCFailedAllocation (Allocation Failure)
Event: 5.277 Executing safepoint VM operation: ParallelGCFailedAllocation (Allocation Failure) done
Event: 5.418 Executing non-safepoint VM operation: HandshakeAllThreads (Deoptimize)
Event: 5.418 Executing non-safepoint VM operation: HandshakeAllThreads (Deoptimize) done
Event: 5.419 Executing non-safepoint VM operation: HandshakeAllThreads (Deoptimize)
Event: 5.419 Executing non-safepoint VM operation: HandshakeAllThreads (Deoptimize) done
Event: 6.423 Executing safepoint VM operation: Cleanup
Event: 6.532 Executing safepoint VM operation: Cleanup done
Event: 7.541 Executing safepoint VM operation: Cleanup

Memory protections (0 events):
No events

Nmethod flushes (20 events):
Event: 2.772 Thread 0x000001f27bcd9820 flushing  nmethod 0x000001f226710d10
Event: 2.772 Thread 0x000001f27bcd9820 flushing  nmethod 0x000001f226754210
Event: 2.772 Thread 0x000001f27bcd9820 flushing  nmethod 0x000001f226758e10
Event: 2.772 Thread 0x000001f27bcd9820 flushing  nmethod 0x000001f22678e890
Event: 2.772 Thread 0x000001f27bcd9820 flushing  nmethod 0x000001f22678ec90
Event: 2.772 Thread 0x000001f27bcd9820 flushing  nmethod 0x000001f22678f590
Event: 2.772 Thread 0x000001f27bcd9820 flushing  nmethod 0x000001f226791490
Event: 2.772 Thread 0x000001f27bcd9820 flushing  nmethod 0x000001f226792090
Event: 2.772 Thread 0x000001f27bcd9820 flushing  nmethod 0x000001f226792590
Event: 2.772 Thread 0x000001f27bcd9820 flushing  nmethod 0x000001f226793a90
Event: 2.772 Thread 0x000001f27bcd9820 flushing  nmethod 0x000001f226794e90
Event: 2.772 Thread 0x000001f27bcd9820 flushing  nmethod 0x000001f226796910
Event: 2.772 Thread 0x000001f27bcd9820 flushing  nmethod 0x000001f226798390
Event: 2.772 Thread 0x000001f27bcd9820 flushing  nmethod 0x000001f2267dd610
Event: 2.772 Thread 0x000001f27bcd9820 flushing  nmethod 0x000001f2267fd810
Event: 2.772 Thread 0x000001f27bcd9820 flushing  nmethod 0x000001f226804410
Event: 2.772 Thread 0x000001f27bcd9820 flushing  nmethod 0x000001f226804810
Event: 2.772 Thread 0x000001f27bcd9820 flushing  nmethod 0x000001f22689f090
Event: 2.772 Thread 0x000001f27bcd9820 flushing  nmethod 0x000001f22689fa10
Event: 2.772 Thread 0x000001f27bcd9820 flushing  nmethod 0x000001f2268f8510

Events (20 events):
Event: 2.937 Thread 0x000001f204f69c70 Thread added: 0x000001f204f6ca60
Event: 2.937 Thread 0x000001f204f6c3d0 Thread added: 0x000001f204f6b6b0
Event: 2.937 Thread 0x000001f204f6ca60 Thread added: 0x000001f204f6a300
Event: 2.937 Thread 0x000001f204f6b6b0 Thread added: 0x000001f204f6a990
Event: 2.938 Thread 0x000001f204f6a300 Thread added: 0x000001f204f6b020
Event: 2.938 Thread 0x000001f204f69c70 Thread added: 0x000001f205d1ec20
Event: 2.938 Thread 0x000001f204f6a990 Thread added: 0x000001f205d20660
Event: 2.938 Thread 0x000001f204f6b020 Thread added: 0x000001f205d21380
Event: 2.938 Thread 0x000001f205d1ec20 Thread added: 0x000001f205d1e590
Event: 2.938 Thread 0x000001f205d20660 Thread added: 0x000001f205d1ffd0
Event: 2.938 Thread 0x000001f205d1e590 Thread added: 0x000001f205d1f2b0
Event: 2.939 Thread 0x000001f205d21380 Thread added: 0x000001f205d1f940
Event: 2.939 Thread 0x000001f205d1f2b0 Thread added: 0x000001f205d1df00
Event: 2.939 Thread 0x000001f205d1ffd0 Thread added: 0x000001f205d24170
Event: 2.939 Thread 0x000001f205d1f940 Thread added: 0x000001f205d22dc0
Event: 2.939 Thread 0x000001f205d1df00 Thread added: 0x000001f205d21a10
Event: 2.939 Thread 0x000001f205d22dc0 Thread added: 0x000001f205d20cf0
Event: 5.355 Thread 0x000001f27e7d56c0 Thread exited: 0x000001f27e7d56c0
Event: 6.379 Thread 0x000001f27ea4f730 Thread exited: 0x000001f27ea4f730
Event: 6.532 Thread 0x000001f27be45860 Thread added: 0x000001f204574810


Dynamic libraries:
0x00007ff76bd20000 - 0x00007ff76bd2e000 	c:\Users\Admin\.vscode\extensions\redhat.java-1.53.0-win32-x64\jre\21.0.10-win32-x86_64\bin\java.exe
0x00007fffee0a0000 - 0x00007fffee307000 	C:\WINDOWS\SYSTEM32\ntdll.dll
0x00007fffebe40000 - 0x00007fffebf09000 	C:\WINDOWS\System32\KERNEL32.DLL
0x00007fffeac00000 - 0x00007fffeaff1000 	C:\WINDOWS\System32\KERNELBASE.dll
0x00007fffeb920000 - 0x00007fffeba6b000 	C:\WINDOWS\System32\ucrtbase.dll
0x00007fffadb00000 - 0x00007fffadb18000 	c:\Users\Admin\.vscode\extensions\redhat.java-1.53.0-win32-x64\jre\21.0.10-win32-x86_64\bin\jli.dll
0x00007fffa2110000 - 0x00007fffa212e000 	c:\Users\Admin\.vscode\extensions\redhat.java-1.53.0-win32-x64\jre\21.0.10-win32-x86_64\bin\VCRUNTIME140.dll
0x00007fffedc80000 - 0x00007fffede45000 	C:\WINDOWS\System32\USER32.dll
0x00007fffebbe0000 - 0x00007fffebc07000 	C:\WINDOWS\System32\win32u.dll
0x00007fffc00b0000 - 0x00007fffc0343000 	C:\WINDOWS\WinSxS\amd64_microsoft.windows.common-controls_6595b64144ccf1df_6.0.26100.8037_none_3e092faae333b53b\COMCTL32.dll
0x00007fffee030000 - 0x00007fffee05b000 	C:\WINDOWS\System32\GDI32.dll
0x00007fffec250000 - 0x00007fffec2f9000 	C:\WINDOWS\System32\msvcrt.dll
0x00007fffeaa40000 - 0x00007fffeab6b000 	C:\WINDOWS\System32\gdi32full.dll
0x00007fffebd90000 - 0x00007fffebe33000 	C:\WINDOWS\System32\msvcp_win.dll
0x00007fffed4f0000 - 0x00007fffed521000 	C:\WINDOWS\System32\IMM32.DLL
0x00007fffe1f70000 - 0x00007fffe1f7c000 	c:\Users\Admin\.vscode\extensions\redhat.java-1.53.0-win32-x64\jre\21.0.10-win32-x86_64\bin\vcruntime140_1.dll
0x00007fff1f720000 - 0x00007fff1f7ad000 	c:\Users\Admin\.vscode\extensions\redhat.java-1.53.0-win32-x64\jre\21.0.10-win32-x86_64\bin\msvcp140.dll
0x00007ffedf080000 - 0x00007ffedfe21000 	c:\Users\Admin\.vscode\extensions\redhat.java-1.53.0-win32-x64\jre\21.0.10-win32-x86_64\bin\server\jvm.dll
0x00007fffec440000 - 0x00007fffec4fb000 	C:\WINDOWS\System32\ADVAPI32.dll
0x00007fffec310000 - 0x00007fffec3b7000 	C:\WINDOWS\System32\sechost.dll
0x00007fffec130000 - 0x00007fffec248000 	C:\WINDOWS\System32\RPCRT4.dll
0x00007fffeccd0000 - 0x00007fffecd44000 	C:\WINDOWS\System32\WS2_32.dll
0x00007fffe9580000 - 0x00007fffe95de000 	C:\WINDOWS\SYSTEM32\POWRPROF.dll
0x00007fffe7ce0000 - 0x00007fffe7d15000 	C:\WINDOWS\SYSTEM32\WINMM.dll
0x00007fffdd1b0000 - 0x00007fffdd1bb000 	C:\WINDOWS\SYSTEM32\VERSION.dll
0x00007fffe9560000 - 0x00007fffe9574000 	C:\WINDOWS\SYSTEM32\UMPDC.dll
0x00007fffe9830000 - 0x00007fffe984b000 	C:\WINDOWS\SYSTEM32\kernel.appcore.dll
0x00007fffe0f10000 - 0x00007fffe0f1a000 	c:\Users\Admin\.vscode\extensions\redhat.java-1.53.0-win32-x64\jre\21.0.10-win32-x86_64\bin\jimage.dll
0x00007fffe81f0000 - 0x00007fffe8432000 	C:\WINDOWS\SYSTEM32\DBGHELP.DLL
0x00007fffed750000 - 0x00007fffedad2000 	C:\WINDOWS\System32\combase.dll
0x00007fffecb90000 - 0x00007fffecc67000 	C:\WINDOWS\System32\OLEAUT32.dll
0x00007fffb85d0000 - 0x00007fffb860b000 	C:\WINDOWS\SYSTEM32\dbgcore.DLL
0x00007fffeb870000 - 0x00007fffeb915000 	C:\WINDOWS\System32\bcryptPrimitives.dll
0x00007fffbd3d0000 - 0x00007fffbd3df000 	c:\Users\Admin\.vscode\extensions\redhat.java-1.53.0-win32-x64\jre\21.0.10-win32-x86_64\bin\instrument.dll
0x00007fffa17c0000 - 0x00007fffa17e0000 	c:\Users\Admin\.vscode\extensions\redhat.java-1.53.0-win32-x64\jre\21.0.10-win32-x86_64\bin\java.dll
0x00007fffecd50000 - 0x00007fffed4af000 	C:\WINDOWS\System32\SHELL32.dll
0x00007fffeba70000 - 0x00007fffebbda000 	C:\WINDOWS\System32\wintypes.dll
0x00007fffeb000000 - 0x00007fffeb864000 	C:\WINDOWS\System32\windows.storage.dll
0x00007fffed5e0000 - 0x00007fffed6d7000 	C:\WINDOWS\System32\SHCORE.dll
0x00007fffed6e0000 - 0x00007fffed747000 	C:\WINDOWS\System32\shlwapi.dll
0x00007fffea8a0000 - 0x00007fffea8c9000 	C:\WINDOWS\SYSTEM32\profapi.dll
0x00007fffa17a0000 - 0x00007fffa17b8000 	c:\Users\Admin\.vscode\extensions\redhat.java-1.53.0-win32-x64\jre\21.0.10-win32-x86_64\bin\zip.dll
0x00007fffa9c70000 - 0x00007fffa9c80000 	C:\Users\Admin\.vscode\extensions\redhat.java-1.53.0-win32-x64\jre\21.0.10-win32-x86_64\bin\net.dll
0x00007fffe1d70000 - 0x00007fffe1e97000 	C:\WINDOWS\SYSTEM32\WINHTTP.dll
0x00007fffe9da0000 - 0x00007fffe9e0b000 	C:\WINDOWS\system32\mswsock.dll
0x00007fff8dac0000 - 0x00007fff8dad6000 	C:\Users\Admin\.vscode\extensions\redhat.java-1.53.0-win32-x64\jre\21.0.10-win32-x86_64\bin\nio.dll
0x00007fffa2150000 - 0x00007fffa2160000 	c:\Users\Admin\.vscode\extensions\redhat.java-1.53.0-win32-x64\jre\21.0.10-win32-x86_64\bin\verify.dll
0x00007fffa17f0000 - 0x00007fffa1835000 	C:\Users\Admin\AppData\Roaming\Code\User\globalStorage\redhat.java\1.53.0\config_win\org.eclipse.equinox.launcher\org.eclipse.equinox.launcher.win32.win32.x86_64_1.3.0.v20260203-2149\eclipse_11919.dll
0x00007fffedae0000 - 0x00007fffedc75000 	C:\WINDOWS\System32\ole32.dll
0x00007fffea090000 - 0x00007fffea0ab000 	C:\WINDOWS\SYSTEM32\CRYPTSP.dll
0x00007fffe9790000 - 0x00007fffe97c9000 	C:\WINDOWS\system32\rsaenh.dll
0x00007fffe9e50000 - 0x00007fffe9e82000 	C:\WINDOWS\SYSTEM32\USERENV.dll
0x00007fffea870000 - 0x00007fffea89a000 	C:\WINDOWS\SYSTEM32\bcrypt.dll
0x00007fffea080000 - 0x00007fffea08c000 	C:\WINDOWS\SYSTEM32\CRYPTBASE.dll
0x00007fffe9190000 - 0x00007fffe91c3000 	C:\WINDOWS\SYSTEM32\IPHLPAPI.DLL
0x00007fffecb80000 - 0x00007fffecb8a000 	C:\WINDOWS\System32\NSI.dll
0x00007fffa1610000 - 0x00007fffa1659000 	C:\Users\Admin\AppData\Local\Temp\jna-63116079\jna11675480405658667208.dll
0x00007fffed4e0000 - 0x00007fffed4e8000 	C:\WINDOWS\System32\PSAPI.DLL
0x00007fffe1ed0000 - 0x00007fffe1eed000 	C:\WINDOWS\SYSTEM32\dhcpcsvc6.DLL
0x00007fffe1ea0000 - 0x00007fffe1ec3000 	C:\WINDOWS\SYSTEM32\dhcpcsvc.DLL

JVMTI agents:
c:\Users\Admin\.vscode\extensions\redhat.java-1.53.0-win32-x64\lombok\lombok-1.18.39-4050.jar path:c:\Users\Admin\.vscode\extensions\redhat.java-1.53.0-win32-x64\jre\21.0.10-win32-x86_64\bin\instrument.dll, loaded, initialized, instrumentlib options:none

dbghelp: loaded successfully - version: 4.0.5 - missing functions: none
symbol engine: initialized successfully - sym options: 0x614 - pdb path: .;c:\Users\Admin\.vscode\extensions\redhat.java-1.53.0-win32-x64\jre\21.0.10-win32-x86_64\bin;C:\WINDOWS\SYSTEM32;C:\WINDOWS\WinSxS\amd64_microsoft.windows.common-controls_6595b64144ccf1df_6.0.26100.8037_none_3e092faae333b53b;c:\Users\Admin\.vscode\extensions\redhat.java-1.53.0-win32-x64\jre\21.0.10-win32-x86_64\bin\server;C:\Users\Admin\AppData\Roaming\Code\User\globalStorage\redhat.java\1.53.0\config_win\org.eclipse.equinox.launcher\org.eclipse.equinox.launcher.win32.win32.x86_64_1.3.0.v20260203-2149;C:\Users\Admin\AppData\Local\Temp\jna-63116079

VM Arguments:
jvm_args: --add-modules=ALL-SYSTEM --add-opens=java.base/java.util=ALL-UNNAMED --add-opens=java.base/java.lang=ALL-UNNAMED --add-opens=java.base/sun.nio.fs=ALL-UNNAMED -Declipse.application=org.eclipse.jdt.ls.core.id1 -Dosgi.bundles.defaultStartLevel=4 -Declipse.product=org.eclipse.jdt.ls.core.product -Djava.import.generatesMetadataFilesAtProjectRoot=false -DDetectVMInstallationsJob.disabled=true -Dfile.encoding=utf8 -XX:+UseParallelGC -XX:GCTimeRatio=4 -XX:AdaptiveSizePolicyWeight=90 -Dsun.zip.disableMemoryMapping=true -Xmx2G -Xms100m -Xlog:disable -javaagent:c:\Users\Admin\.vscode\extensions\redhat.java-1.53.0-win32-x64\lombok\lombok-1.18.39-4050.jar -XX:+HeapDumpOnOutOfMemoryError -XX:HeapDumpPath=c:\Users\Admin\AppData\Roaming\Code\User\workspaceStorage\e1b6cacee73ff7585bb26f5b6c45f997\redhat.java -Daether.dependencyCollector.impl=bf 
java_command: c:\Users\Admin\.vscode\extensions\redhat.java-1.53.0-win32-x64\server\plugins\org.eclipse.equinox.launcher_1.7.100.v20251111-0406.jar -configuration c:\Users\Admin\AppData\Roaming\Code\User\globalStorage\redhat.java\1.53.0\config_win -data c:\Users\Admin\AppData\Roaming\Code\User\workspaceStorage\e1b6cacee73ff7585bb26f5b6c45f997\redhat.java\jdt_ws --pipe=\\.\pipe\lsp-d453838e2f1d625e9002c429262a31ea-sock
java_class_path (initial): c:\Users\Admin\.vscode\extensions\redhat.java-1.53.0-win32-x64\server\plugins\org.eclipse.equinox.launcher_1.7.100.v20251111-0406.jar
Launcher Type: SUN_STANDARD

[Global flags]
    uintx AdaptiveSizePolicyWeight                 = 90                                        {product} {command line}
     intx CICompilerCount                          = 12                                        {product} {ergonomic}
    uintx GCTimeRatio                              = 4                                         {product} {command line}
     bool HeapDumpOnOutOfMemoryError               = true                                   {manageable} {command line}
    ccstr HeapDumpPath                             = c:\Users\Admin\AppData\Roaming\Code\User\workspaceStorage\e1b6cacee73ff7585bb26f5b6c45f997\redhat.java         {manageable} {command line}
   size_t InitialHeapSize                          = 104857600                                 {product} {command line}
   size_t MaxHeapSize                              = 2147483648                                {product} {command line}
   size_t MaxNewSize                               = 715653120                                 {product} {ergonomic}
   size_t MinHeapDeltaBytes                        = 524288                                    {product} {ergonomic}
   size_t MinHeapSize                              = 104857600                                 {product} {command line}
   size_t NewSize                                  = 34603008                                  {product} {ergonomic}
    uintx NonNMethodCodeHeapSize                   = 7602480                                {pd product} {ergonomic}
    uintx NonProfiledCodeHeapSize                  = 122027880                              {pd product} {ergonomic}
   size_t OldSize                                  = 70254592                                  {product} {ergonomic}
     bool PerfDisableSharedMem                     = true                                      {product} {ergonomic}
    uintx ProfiledCodeHeapSize                     = 122027880                              {pd product} {ergonomic}
    uintx ReservedCodeCacheSize                    = 251658240                              {pd product} {ergonomic}
     bool SegmentedCodeCache                       = true                                      {product} {ergonomic}
   size_t SoftMaxHeapSize                          = 2147483648                             {manageable} {ergonomic}
     bool UseCompressedOops                        = true                           {product lp64_product} {ergonomic}
     bool UseLargePagesIndividualAllocation        = false                                  {pd product} {ergonomic}
     bool UseParallelGC                            = true                                      {product} {command line}

Logging:
Log output configuration:
 #0: stdout all=off uptime,level,tags foldmultilines=false
 #1: stderr all=off uptime,level,tags foldmultilines=false

Release file:
JAVA_VERSION="21.0.10" 
MODULES="java.base java.compiler java.datatransfer java.xml java.prefs java.desktop java.instrument java.logging java.management java.security.sasl java.naming java.rmi java.management.rmi java.net.http java.scripting java.security.jgss java.transaction.xa java.sql java.sql.rowset java.xml.crypto java.se java.smartcardio jdk.accessibility jdk.internal.jvmstat jdk.attach jdk.charsets jdk.internal.opt jdk.zipfs jdk.compiler jdk.crypto.ec jdk.crypto.cryptoki jdk.crypto.mscapi jdk.dynalink jdk.internal.ed jdk.editpad jdk.hotspot.agent jdk.httpserver jdk.internal.le jdk.internal.vm.ci jdk.internal.vm.compiler jdk.internal.vm.compiler.management jdk.jartool jdk.javadoc jdk.jcmd jdk.management jdk.management.agent jdk.jconsole jdk.jdeps jdk.jdwp.agent jdk.jdi jdk.jfr jdk.jshell jdk.jsobject jdk.jstatd jdk.localedata jdk.management.jfr jdk.naming.dns jdk.naming.rmi jdk.net jdk.nio.mapmode jdk.random jdk.sctp jdk.security.auth jdk.security.jgss jdk.unsupported jdk.unsupported.desktop jdk.xml.dom" 

Environment Variables:
JAVA_HOME=C:\Program Files\Java\jdk-17.0.18+8
PATH=C:\Users\Admin\AppData\Local\Programs\Microsoft VS Code;C:\Program Files\Eclipse Adoptium\jdk-17.0.18.8-hotspot\bin;%JAVA_HOME%\bin;C:\WINDOWS\system32;C:\WINDOWS;C:\WINDOWS\System32\Wbem;C:\WINDOWS\System32\WindowsPowerShell\v1.0\;C:\WINDOWS\System32\OpenSSH\;C:\Program Files\NVIDIA Corporation\NVIDIA App\NvDLISR;C:\Program Files\dotnet\;C:\Program Files (x86)\NVIDIA Corporation\PhysX\Common;C:\Program Files\Git\cmd;C:\Program Files\Cloudflare\Cloudflare WARP\;C:\Program Files\nodejs\;C:\Maven\apache-maven-3.9.12\bin;;C:\Program Files\Docker\Docker\resources\bin;C:\Users\Admin\AppData\Local\Microsoft\WindowsApps;C:\Users\Admin\AppData\Local\Programs\Microsoft VS Code\bin;C:\Program Files\nodejs\;C:\Users\Admin\AppData\Roaming\npm;C:\Program Files\Java\jdk1.8.0_202\bin;;C:\Users\Admin\tools\maven\bin
USERNAME=Admin
OS=Windows_NT
PROCESSOR_IDENTIFIER=Intel64 Family 6 Model 183 Stepping 1, GenuineIntel
TMP=C:\Users\Admin\AppData\Local\Temp
TEMP=C:\Users\Admin\AppData\Local\Temp




Periodic native trim disabled

---------------  S Y S T E M  ---------------

OS:
 Windows 11 , 64 bit Build 26100 (10.0.26100.7920)
OS uptime: 0 days 14:55 hours
Hyper-V role detected

CPU: total 24 (initial active 24) (12 cores per cpu, 2 threads per core) family 6 model 183 stepping 1 microcode 0x127, cx8, cmov, fxsr, ht, mmx, 3dnowpref, sse, sse2, sse3, ssse3, sse4.1, sse4.2, popcnt, lzcnt, tsc, tscinvbit, avx, avx2, aes, erms, clmul, bmi1, bmi2, adx, sha, fma, vzeroupper, clflush, clflushopt, clwb, hv, serialize, rdtscp, rdpid, fsrm, f16c, cet_ibt, cet_ss
Processor Information for processor 0
  Max Mhz: 2200, Current Mhz: 2200, Mhz Limit: 2200
Processor Information for processor 1
  Max Mhz: 2200, Current Mhz: 2200, Mhz Limit: 2200
Processor Information for processor 2
  Max Mhz: 2200, Current Mhz: 2200, Mhz Limit: 2200
Processor Information for processor 3
  Max Mhz: 2200, Current Mhz: 2200, Mhz Limit: 2200
Processor Information for processor 4
  Max Mhz: 2200, Current Mhz: 2200, Mhz Limit: 2200
Processor Information for processor 5
  Max Mhz: 2200, Current Mhz: 2200, Mhz Limit: 2200
Processor Information for processor 6
  Max Mhz: 2200, Current Mhz: 2200, Mhz Limit: 2200
Processor Information for processor 7
  Max Mhz: 2200, Current Mhz: 2200, Mhz Limit: 2200
Processor Information for processor 8
  Max Mhz: 2200, Current Mhz: 2200, Mhz Limit: 2200
Processor Information for processor 9
  Max Mhz: 2200, Current Mhz: 2200, Mhz Limit: 2200
Processor Information for processor 10
  Max Mhz: 2200, Current Mhz: 2200, Mhz Limit: 2200
Processor Information for processor 11
  Max Mhz: 2200, Current Mhz: 2200, Mhz Limit: 2200
Processor Information for processor 12
  Max Mhz: 2200, Current Mhz: 2200, Mhz Limit: 2200
Processor Information for processor 13
  Max Mhz: 2200, Current Mhz: 2200, Mhz Limit: 2200
Processor Information for processor 14
  Max Mhz: 2200, Current Mhz: 2200, Mhz Limit: 2200
Processor Information for processor 15
  Max Mhz: 2200, Current Mhz: 2200, Mhz Limit: 2200
Processor Information for processor 16
  Max Mhz: 2200, Current Mhz: 1512, Mhz Limit: 2200
Processor Information for processor 17
  Max Mhz: 2200, Current Mhz: 2200, Mhz Limit: 2200
Processor Information for processor 18
  Max Mhz: 2200, Current Mhz: 1512, Mhz Limit: 2200
Processor Information for processor 19
  Max Mhz: 2200, Current Mhz: 1512, Mhz Limit: 2200
Processor Information for processor 20
  Max Mhz: 2200, Current Mhz: 1512, Mhz Limit: 2200
Processor Information for processor 21
  Max Mhz: 2200, Current Mhz: 2200, Mhz Limit: 2200
Processor Information for processor 22
  Max Mhz: 2200, Current Mhz: 1512, Mhz Limit: 2200
Processor Information for processor 23
  Max Mhz: 2200, Current Mhz: 1512, Mhz Limit: 2200

Memory: 4k page, system-wide physical 16087M (817M free)
TotalPageFile size 54396M (AvailPageFile size 72M)
current process WorkingSet (physical memory assigned to process): 237M, peak: 256M
current process commit charge ("private bytes"): 378M, peak: 399M

vm_info: OpenJDK 64-Bit Server VM (21.0.10+7-LTS) for windows-amd64 JRE (21.0.10+7-LTS), built on 2026-01-20T00:00:00Z by "admin" with MS VC++ 17.12 (VS2022)

END.
